2018-04-26 18:05:48.081 |-INFO  [restartedMain] com.yf.GirlWebApplication [48] -| Starting GirlWebApplication on jinghan with PID 8564 (F:\workspace\myproject\girl-springboot\girl-web\target\classes started by jingh in F:\workspace\myproject\girl-springboot)
2018-04-26 18:05:48.084 |-INFO  [restartedMain] com.yf.GirlWebApplication [597] -| The following profiles are active: dev
2018-04-26 18:05:48.088 |-INFO  [restartedMain] org.springframework.boot.context.embedded.AnnotationConfigEmbeddedWebApplicationContext [583] -| Refreshing org.springframework.boot.context.embedded.AnnotationConfigEmbeddedWebApplicationContext@721f682e: startup date [Thu Apr 26 18:05:48 CST 2018]; root of context hierarchy
2018-04-26 18:05:49.301 |-INFO  [restartedMain] org.springframework.beans.factory.support.DefaultListableBeanFactory [828] -| Overriding bean definition for bean 'stringRedisTemplate' with a different definition: replacing [Root bean: class [null]; scope=; abstract=false; lazyInit=false; autowireMode=3; dependencyCheck=0; autowireCandidate=true; primary=false; factoryBeanName=redisConfig; factoryMethodName=stringRedisTemplate; initMethodName=null; destroyMethodName=(inferred); defined in class path resource [com/yf/core/system/config/RedisConfig.class]] with [Root bean: class [null]; scope=; abstract=false; lazyInit=false; autowireMode=3; dependencyCheck=0; autowireCandidate=true; primary=false; factoryBeanName=org.springframework.boot.autoconfigure.data.redis.RedisAutoConfiguration$RedisConfiguration; factoryMethodName=stringRedisTemplate; initMethodName=null; destroyMethodName=(inferred); defined in class path resource [org/springframework/boot/autoconfigure/data/redis/RedisAutoConfiguration$RedisConfiguration.class]]
2018-04-26 18:05:49.322 |-INFO  [restartedMain] org.springframework.data.repository.config.RepositoryConfigurationDelegate [165] -| Multiple Spring Data modules found, entering strict repository configuration mode!
2018-04-26 18:05:49.914 |-INFO  [restartedMain] org.springframework.boot.context.embedded.tomcat.TomcatEmbeddedServletContainer [89] -| Tomcat initialized with port(s): 8089 (http)
2018-04-26 18:05:49.921 |-INFO  [restartedMain] org.apache.catalina.core.StandardService [179] -| Starting service [Tomcat]
2018-04-26 18:05:49.936 |-INFO  [restartedMain] org.apache.catalina.core.StandardEngine [179] -| Starting Servlet Engine: Apache Tomcat/8.5.23
2018-04-26 18:05:49.969 |-INFO  [localhost-startStop-1] org.apache.catalina.core.ContainerBase.[Tomcat].[localhost].[/] [179] -| Initializing Spring embedded WebApplicationContext
2018-04-26 18:05:49.970 |-INFO  [localhost-startStop-1] org.springframework.web.context.ContextLoader [276] -| Root WebApplicationContext: initialization completed in 1882 ms
2018-04-26 18:05:50.075 |-INFO  [localhost-startStop-1] org.springframework.boot.web.servlet.ServletRegistrationBean [190] -| Mapping servlet: 'dispatcherServlet' to [/]
2018-04-26 18:05:50.078 |-INFO  [localhost-startStop-1] org.springframework.boot.web.servlet.ServletRegistrationBean [190] -| Mapping servlet: 'statViewServlet' to [/druid/*]
2018-04-26 18:05:50.079 |-INFO  [localhost-startStop-1] org.springframework.boot.web.servlet.FilterRegistrationBean [258] -| Mapping filter: 'characterEncodingFilter' to: [/*]
2018-04-26 18:05:50.080 |-INFO  [localhost-startStop-1] org.springframework.boot.web.servlet.FilterRegistrationBean [258] -| Mapping filter: 'hiddenHttpMethodFilter' to: [/*]
2018-04-26 18:05:50.080 |-INFO  [localhost-startStop-1] org.springframework.boot.web.servlet.FilterRegistrationBean [258] -| Mapping filter: 'httpPutFormContentFilter' to: [/*]
2018-04-26 18:05:50.082 |-INFO  [localhost-startStop-1] org.springframework.boot.web.servlet.FilterRegistrationBean [258] -| Mapping filter: 'requestContextFilter' to: [/*]
2018-04-26 18:05:50.083 |-INFO  [localhost-startStop-1] org.springframework.boot.web.servlet.FilterRegistrationBean [271] -| Mapping filter: 'webStatFilter' to urls: [/*]
2018-04-26 18:05:50.619 |-INFO  [restartedMain] org.springframework.scheduling.concurrent.ThreadPoolTaskExecutor [165] -| Initializing ExecutorService 
2018-04-26 18:05:50.828 |-INFO  [restartedMain] org.springframework.web.servlet.mvc.method.annotation.RequestMappingHandlerAdapter [534] -| Looking for @ControllerAdvice: org.springframework.boot.context.embedded.AnnotationConfigEmbeddedWebApplicationContext@721f682e: startup date [Thu Apr 26 18:05:48 CST 2018]; root of context hierarchy
2018-04-26 18:05:50.838 |-INFO  [restartedMain] org.springframework.web.servlet.mvc.method.annotation.RequestMappingHandlerMapping [543] -| Mapped "{[/],methods=[GET]}" onto public org.springframework.web.servlet.ModelAndView com.yf.web.controller.IndexController.index(com.yf.utils.Page)
2018-04-26 18:05:50.838 |-INFO  [restartedMain] org.springframework.web.servlet.mvc.method.annotation.RequestMappingHandlerMapping [543] -| Mapped "{[/hello],methods=[GET]}" onto public java.lang.String com.yf.web.controller.IndexController.hello()
2018-04-26 18:05:50.840 |-INFO  [restartedMain] org.springframework.web.servlet.mvc.method.annotation.RequestMappingHandlerMapping [543] -| Mapped "{[/error]}" onto public org.springframework.http.ResponseEntity<java.util.Map<java.lang.String, java.lang.Object>> org.springframework.boot.autoconfigure.web.BasicErrorController.error(javax.servlet.http.HttpServletRequest)
2018-04-26 18:05:50.841 |-INFO  [restartedMain] org.springframework.web.servlet.mvc.method.annotation.RequestMappingHandlerMapping [543] -| Mapped "{[/error],produces=[text/html]}" onto public org.springframework.web.servlet.ModelAndView org.springframework.boot.autoconfigure.web.BasicErrorController.errorHtml(javax.servlet.http.HttpServletRequest,javax.servlet.http.HttpServletResponse)
2018-04-26 18:05:50.855 |-INFO  [restartedMain] org.springframework.web.servlet.handler.SimpleUrlHandlerMapping [362] -| Mapped URL path [/webjars/**] onto handler of type [class org.springframework.web.servlet.resource.ResourceHttpRequestHandler]
2018-04-26 18:05:50.856 |-INFO  [restartedMain] org.springframework.web.servlet.handler.SimpleUrlHandlerMapping [362] -| Mapped URL path [/**] onto handler of type [class org.springframework.web.servlet.resource.ResourceHttpRequestHandler]
2018-04-26 18:05:50.875 |-INFO  [restartedMain] org.springframework.web.servlet.handler.SimpleUrlHandlerMapping [362] -| Mapped URL path [/**/favicon.ico] onto handler of type [class org.springframework.web.servlet.resource.ResourceHttpRequestHandler]
2018-04-26 18:05:50.907 |-INFO  [restartedMain] org.springframework.boot.autoconfigure.web.WebMvcAutoConfiguration$WelcomePageHandlerMapping [549] -| Adding welcome page: class path resource [templates/index.html]
2018-04-26 18:05:51.109 |-INFO  [restartedMain] org.springframework.boot.devtools.autoconfigure.OptionalLiveReloadServer [58] -| LiveReload server is running on port 35729
2018-04-26 18:05:51.256 |-INFO  [restartedMain] org.springframework.jmx.export.annotation.AnnotationMBeanExporter [431] -| Registering beans for JMX exposure on startup
2018-04-26 18:05:51.258 |-INFO  [restartedMain] org.springframework.jmx.export.annotation.AnnotationMBeanExporter [916] -| Bean with name 'dataSource' has been autodetected for JMX exposure
2018-04-26 18:05:51.261 |-INFO  [restartedMain] org.springframework.jmx.export.annotation.AnnotationMBeanExporter [671] -| Located MBean 'dataSource': registering with JMX server as MBean [com.alibaba.druid.pool:name=dataSource,type=DruidDataSource]
2018-04-26 18:05:51.279 |-INFO  [restartedMain] org.springframework.boot.context.embedded.tomcat.TomcatEmbeddedServletContainer [201] -| Tomcat started on port(s): 8089 (http)
2018-04-26 18:05:51.282 |-INFO  [restartedMain] com.yf.GirlWebApplication [57] -| Started GirlWebApplication in 3.624 seconds (JVM running for 330.564)
2018-04-26 18:06:56.454 |-INFO  [Thread-10] org.springframework.boot.context.embedded.AnnotationConfigEmbeddedWebApplicationContext [984] -| Closing org.springframework.boot.context.embedded.AnnotationConfigEmbeddedWebApplicationContext@721f682e: startup date [Thu Apr 26 18:05:48 CST 2018]; root of context hierarchy
2018-04-26 18:06:56.457 |-INFO  [Thread-10] org.springframework.jmx.export.annotation.AnnotationMBeanExporter [449] -| Unregistering JMX-exposed beans on shutdown
2018-04-26 18:06:56.461 |-INFO  [Thread-10] org.springframework.jmx.export.annotation.AnnotationMBeanExporter [241] -| Unregistering JMX-exposed beans
2018-04-26 18:06:56.472 |-INFO  [Thread-10] org.springframework.scheduling.concurrent.ThreadPoolTaskExecutor [202] -| Shutting down ExecutorService
2018-04-26 18:06:56.827 |-INFO  [restartedMain] com.yf.GirlWebApplication [48] -| Starting GirlWebApplication on jinghan with PID 8564 (F:\workspace\myproject\girl-springboot\girl-web\target\classes started by jingh in F:\workspace\myproject\girl-springboot)
2018-04-26 18:06:56.827 |-INFO  [restartedMain] com.yf.GirlWebApplication [597] -| The following profiles are active: dev
2018-04-26 18:06:56.830 |-INFO  [restartedMain] org.springframework.boot.context.embedded.AnnotationConfigEmbeddedWebApplicationContext [583] -| Refreshing org.springframework.boot.context.embedded.AnnotationConfigEmbeddedWebApplicationContext@7838fbd8: startup date [Thu Apr 26 18:06:56 CST 2018]; root of context hierarchy
2018-04-26 18:06:57.341 |-INFO  [restartedMain] org.springframework.beans.factory.support.DefaultListableBeanFactory [828] -| Overriding bean definition for bean 'stringRedisTemplate' with a different definition: replacing [Root bean: class [null]; scope=; abstract=false; lazyInit=false; autowireMode=3; dependencyCheck=0; autowireCandidate=true; primary=false; factoryBeanName=redisConfig; factoryMethodName=stringRedisTemplate; initMethodName=null; destroyMethodName=(inferred); defined in class path resource [com/yf/core/system/config/RedisConfig.class]] with [Root bean: class [null]; scope=; abstract=false; lazyInit=false; autowireMode=3; dependencyCheck=0; autowireCandidate=true; primary=false; factoryBeanName=org.springframework.boot.autoconfigure.data.redis.RedisAutoConfiguration$RedisConfiguration; factoryMethodName=stringRedisTemplate; initMethodName=null; destroyMethodName=(inferred); defined in class path resource [org/springframework/boot/autoconfigure/data/redis/RedisAutoConfiguration$RedisConfiguration.class]]
2018-04-26 18:06:57.348 |-INFO  [restartedMain] org.springframework.data.repository.config.RepositoryConfigurationDelegate [165] -| Multiple Spring Data modules found, entering strict repository configuration mode!
2018-04-26 18:06:57.546 |-INFO  [restartedMain] org.springframework.boot.context.embedded.tomcat.TomcatEmbeddedServletContainer [89] -| Tomcat initialized with port(s): 8089 (http)
2018-04-26 18:06:57.547 |-INFO  [restartedMain] org.apache.catalina.core.StandardService [179] -| Starting service [Tomcat]
2018-04-26 18:06:57.547 |-INFO  [restartedMain] org.apache.catalina.core.StandardEngine [179] -| Starting Servlet Engine: Apache Tomcat/8.5.23
2018-04-26 18:06:57.569 |-INFO  [localhost-startStop-1] org.apache.catalina.core.ContainerBase.[Tomcat].[localhost].[/] [179] -| Initializing Spring embedded WebApplicationContext
2018-04-26 18:06:57.571 |-INFO  [localhost-startStop-1] org.springframework.web.context.ContextLoader [276] -| Root WebApplicationContext: initialization completed in 741 ms
2018-04-26 18:06:57.627 |-INFO  [localhost-startStop-1] org.springframework.boot.web.servlet.ServletRegistrationBean [190] -| Mapping servlet: 'dispatcherServlet' to [/]
2018-04-26 18:06:57.630 |-INFO  [localhost-startStop-1] org.springframework.boot.web.servlet.ServletRegistrationBean [190] -| Mapping servlet: 'statViewServlet' to [/druid/*]
2018-04-26 18:06:57.630 |-INFO  [localhost-startStop-1] org.springframework.boot.web.servlet.FilterRegistrationBean [258] -| Mapping filter: 'characterEncodingFilter' to: [/*]
2018-04-26 18:06:57.631 |-INFO  [localhost-startStop-1] org.springframework.boot.web.servlet.FilterRegistrationBean [258] -| Mapping filter: 'hiddenHttpMethodFilter' to: [/*]
2018-04-26 18:06:57.631 |-INFO  [localhost-startStop-1] org.springframework.boot.web.servlet.FilterRegistrationBean [258] -| Mapping filter: 'httpPutFormContentFilter' to: [/*]
2018-04-26 18:06:57.632 |-INFO  [localhost-startStop-1] org.springframework.boot.web.servlet.FilterRegistrationBean [258] -| Mapping filter: 'requestContextFilter' to: [/*]
2018-04-26 18:06:57.633 |-INFO  [localhost-startStop-1] org.springframework.boot.web.servlet.FilterRegistrationBean [271] -| Mapping filter: 'webStatFilter' to urls: [/*]
2018-04-26 18:06:57.915 |-INFO  [restartedMain] org.springframework.scheduling.concurrent.ThreadPoolTaskExecutor [165] -| Initializing ExecutorService 
2018-04-26 18:06:58.027 |-INFO  [restartedMain] org.springframework.web.servlet.mvc.method.annotation.RequestMappingHandlerAdapter [534] -| Looking for @ControllerAdvice: org.springframework.boot.context.embedded.AnnotationConfigEmbeddedWebApplicationContext@7838fbd8: startup date [Thu Apr 26 18:06:56 CST 2018]; root of context hierarchy
2018-04-26 18:06:58.035 |-INFO  [restartedMain] org.springframework.web.servlet.mvc.method.annotation.RequestMappingHandlerMapping [543] -| Mapped "{[/],methods=[GET]}" onto public org.springframework.web.servlet.ModelAndView com.yf.web.controller.IndexController.index(com.yf.utils.Page)
2018-04-26 18:06:58.036 |-INFO  [restartedMain] org.springframework.web.servlet.mvc.method.annotation.RequestMappingHandlerMapping [543] -| Mapped "{[/hello],methods=[GET]}" onto public java.lang.String com.yf.web.controller.IndexController.hello()
2018-04-26 18:06:58.038 |-INFO  [restartedMain] org.springframework.web.servlet.mvc.method.annotation.RequestMappingHandlerMapping [543] -| Mapped "{[/error]}" onto public org.springframework.http.ResponseEntity<java.util.Map<java.lang.String, java.lang.Object>> org.springframework.boot.autoconfigure.web.BasicErrorController.error(javax.servlet.http.HttpServletRequest)
2018-04-26 18:06:58.039 |-INFO  [restartedMain] org.springframework.web.servlet.mvc.method.annotation.RequestMappingHandlerMapping [543] -| Mapped "{[/error],produces=[text/html]}" onto public org.springframework.web.servlet.ModelAndView org.springframework.boot.autoconfigure.web.BasicErrorController.errorHtml(javax.servlet.http.HttpServletRequest,javax.servlet.http.HttpServletResponse)
2018-04-26 18:06:58.049 |-INFO  [restartedMain] org.springframework.web.servlet.handler.SimpleUrlHandlerMapping [362] -| Mapped URL path [/webjars/**] onto handler of type [class org.springframework.web.servlet.resource.ResourceHttpRequestHandler]
2018-04-26 18:06:58.050 |-INFO  [restartedMain] org.springframework.web.servlet.handler.SimpleUrlHandlerMapping [362] -| Mapped URL path [/**] onto handler of type [class org.springframework.web.servlet.resource.ResourceHttpRequestHandler]
2018-04-26 18:06:58.066 |-INFO  [restartedMain] org.springframework.web.servlet.handler.SimpleUrlHandlerMapping [362] -| Mapped URL path [/**/favicon.ico] onto handler of type [class org.springframework.web.servlet.resource.ResourceHttpRequestHandler]
2018-04-26 18:06:58.093 |-INFO  [restartedMain] org.springframework.boot.autoconfigure.web.WebMvcAutoConfiguration$WelcomePageHandlerMapping [549] -| Adding welcome page: class path resource [templates/index.html]
2018-04-26 18:06:58.171 |-INFO  [restartedMain] org.springframework.boot.devtools.autoconfigure.OptionalLiveReloadServer [58] -| LiveReload server is running on port 35729
2018-04-26 18:06:58.267 |-INFO  [restartedMain] org.springframework.jmx.export.annotation.AnnotationMBeanExporter [431] -| Registering beans for JMX exposure on startup
2018-04-26 18:06:58.268 |-INFO  [restartedMain] org.springframework.jmx.export.annotation.AnnotationMBeanExporter [916] -| Bean with name 'dataSource' has been autodetected for JMX exposure
2018-04-26 18:06:58.272 |-INFO  [restartedMain] org.springframework.jmx.export.annotation.AnnotationMBeanExporter [671] -| Located MBean 'dataSource': registering with JMX server as MBean [com.alibaba.druid.pool:name=dataSource,type=DruidDataSource]
2018-04-26 18:06:58.284 |-INFO  [restartedMain] org.springframework.boot.context.embedded.tomcat.TomcatEmbeddedServletContainer [201] -| Tomcat started on port(s): 8089 (http)
2018-04-26 18:06:58.287 |-INFO  [restartedMain] com.yf.GirlWebApplication [57] -| Started GirlWebApplication in 1.575 seconds (JVM running for 397.568)
2018-04-26 18:07:11.732 |-INFO  [restartedMain] com.yf.GirlWebApplication [48] -| Starting GirlWebApplication on jinghan with PID 9864 (F:\workspace\myproject\girl-springboot\girl-web\target\classes started by jingh in F:\workspace\myproject\girl-springboot)
2018-04-26 18:07:11.734 |-INFO  [restartedMain] com.yf.GirlWebApplication [597] -| The following profiles are active: dev
2018-04-26 18:07:12.026 |-INFO  [restartedMain] org.springframework.boot.context.embedded.AnnotationConfigEmbeddedWebApplicationContext [583] -| Refreshing org.springframework.boot.context.embedded.AnnotationConfigEmbeddedWebApplicationContext@3ba255d9: startup date [Thu Apr 26 18:07:12 CST 2018]; root of context hierarchy
2018-04-26 18:07:13.522 |-INFO  [restartedMain] org.springframework.beans.factory.support.DefaultListableBeanFactory [828] -| Overriding bean definition for bean 'stringRedisTemplate' with a different definition: replacing [Root bean: class [null]; scope=; abstract=false; lazyInit=false; autowireMode=3; dependencyCheck=0; autowireCandidate=true; primary=false; factoryBeanName=redisConfig; factoryMethodName=stringRedisTemplate; initMethodName=null; destroyMethodName=(inferred); defined in class path resource [com/yf/core/system/config/RedisConfig.class]] with [Root bean: class [null]; scope=; abstract=false; lazyInit=false; autowireMode=3; dependencyCheck=0; autowireCandidate=true; primary=false; factoryBeanName=org.springframework.boot.autoconfigure.data.redis.RedisAutoConfiguration$RedisConfiguration; factoryMethodName=stringRedisTemplate; initMethodName=null; destroyMethodName=(inferred); defined in class path resource [org/springframework/boot/autoconfigure/data/redis/RedisAutoConfiguration$RedisConfiguration.class]]
2018-04-26 18:07:13.557 |-INFO  [restartedMain] org.springframework.data.repository.config.RepositoryConfigurationDelegate [165] -| Multiple Spring Data modules found, entering strict repository configuration mode!
2018-04-26 18:07:14.548 |-INFO  [restartedMain] org.springframework.boot.context.embedded.tomcat.TomcatEmbeddedServletContainer [89] -| Tomcat initialized with port(s): 8089 (http)
2018-04-26 18:07:14.562 |-INFO  [restartedMain] org.apache.catalina.core.StandardService [179] -| Starting service [Tomcat]
2018-04-26 18:07:14.564 |-INFO  [restartedMain] org.apache.catalina.core.StandardEngine [179] -| Starting Servlet Engine: Apache Tomcat/8.5.23
2018-04-26 18:07:14.682 |-INFO  [localhost-startStop-1] org.apache.catalina.core.ContainerBase.[Tomcat].[localhost].[/] [179] -| Initializing Spring embedded WebApplicationContext
2018-04-26 18:07:14.684 |-INFO  [localhost-startStop-1] org.springframework.web.context.ContextLoader [276] -| Root WebApplicationContext: initialization completed in 2659 ms
2018-04-26 18:07:14.942 |-INFO  [localhost-startStop-1] org.springframework.boot.web.servlet.ServletRegistrationBean [190] -| Mapping servlet: 'dispatcherServlet' to [/]
2018-04-26 18:07:14.945 |-INFO  [localhost-startStop-1] org.springframework.boot.web.servlet.ServletRegistrationBean [190] -| Mapping servlet: 'statViewServlet' to [/druid/*]
2018-04-26 18:07:14.948 |-INFO  [localhost-startStop-1] org.springframework.boot.web.servlet.FilterRegistrationBean [258] -| Mapping filter: 'characterEncodingFilter' to: [/*]
2018-04-26 18:07:14.949 |-INFO  [localhost-startStop-1] org.springframework.boot.web.servlet.FilterRegistrationBean [258] -| Mapping filter: 'hiddenHttpMethodFilter' to: [/*]
2018-04-26 18:07:14.949 |-INFO  [localhost-startStop-1] org.springframework.boot.web.servlet.FilterRegistrationBean [258] -| Mapping filter: 'httpPutFormContentFilter' to: [/*]
2018-04-26 18:07:14.951 |-INFO  [localhost-startStop-1] org.springframework.boot.web.servlet.FilterRegistrationBean [258] -| Mapping filter: 'requestContextFilter' to: [/*]
2018-04-26 18:07:14.951 |-INFO  [localhost-startStop-1] org.springframework.boot.web.servlet.FilterRegistrationBean [271] -| Mapping filter: 'webStatFilter' to urls: [/*]
2018-04-26 18:07:15.855 |-INFO  [restartedMain] org.springframework.scheduling.concurrent.ThreadPoolTaskExecutor [165] -| Initializing ExecutorService 
2018-04-26 18:07:16.334 |-INFO  [restartedMain] org.springframework.web.servlet.mvc.method.annotation.RequestMappingHandlerAdapter [534] -| Looking for @ControllerAdvice: org.springframework.boot.context.embedded.AnnotationConfigEmbeddedWebApplicationContext@3ba255d9: startup date [Thu Apr 26 18:07:12 CST 2018]; root of context hierarchy
2018-04-26 18:07:16.421 |-INFO  [restartedMain] org.springframework.web.servlet.mvc.method.annotation.RequestMappingHandlerMapping [543] -| Mapped "{[/],methods=[GET]}" onto public org.springframework.web.servlet.ModelAndView com.yf.web.controller.IndexController.index(com.yf.utils.Page)
2018-04-26 18:07:16.423 |-INFO  [restartedMain] org.springframework.web.servlet.mvc.method.annotation.RequestMappingHandlerMapping [543] -| Mapped "{[/hello],methods=[GET]}" onto public java.lang.String com.yf.web.controller.IndexController.hello()
2018-04-26 18:07:16.426 |-INFO  [restartedMain] org.springframework.web.servlet.mvc.method.annotation.RequestMappingHandlerMapping [543] -| Mapped "{[/error]}" onto public org.springframework.http.ResponseEntity<java.util.Map<java.lang.String, java.lang.Object>> org.springframework.boot.autoconfigure.web.BasicErrorController.error(javax.servlet.http.HttpServletRequest)
2018-04-26 18:07:16.427 |-INFO  [restartedMain] org.springframework.web.servlet.mvc.method.annotation.RequestMappingHandlerMapping [543] -| Mapped "{[/error],produces=[text/html]}" onto public org.springframework.web.servlet.ModelAndView org.springframework.boot.autoconfigure.web.BasicErrorController.errorHtml(javax.servlet.http.HttpServletRequest,javax.servlet.http.HttpServletResponse)
2018-04-26 18:07:16.469 |-INFO  [restartedMain] org.springframework.web.servlet.handler.SimpleUrlHandlerMapping [362] -| Mapped URL path [/webjars/**] onto handler of type [class org.springframework.web.servlet.resource.ResourceHttpRequestHandler]
2018-04-26 18:07:16.470 |-INFO  [restartedMain] org.springframework.web.servlet.handler.SimpleUrlHandlerMapping [362] -| Mapped URL path [/**] onto handler of type [class org.springframework.web.servlet.resource.ResourceHttpRequestHandler]
2018-04-26 18:07:16.535 |-INFO  [restartedMain] org.springframework.web.servlet.handler.SimpleUrlHandlerMapping [362] -| Mapped URL path [/**/favicon.ico] onto handler of type [class org.springframework.web.servlet.resource.ResourceHttpRequestHandler]
2018-04-26 18:07:16.936 |-INFO  [restartedMain] org.springframework.boot.autoconfigure.web.WebMvcAutoConfiguration$WelcomePageHandlerMapping [549] -| Adding welcome page: class path resource [templates/index.html]
2018-04-26 18:07:17.472 |-INFO  [restartedMain] org.springframework.boot.devtools.autoconfigure.OptionalLiveReloadServer [58] -| LiveReload server is running on port 35729
2018-04-26 18:07:17.636 |-INFO  [restartedMain] org.springframework.jmx.export.annotation.AnnotationMBeanExporter [431] -| Registering beans for JMX exposure on startup
2018-04-26 18:07:17.639 |-INFO  [restartedMain] org.springframework.jmx.export.annotation.AnnotationMBeanExporter [916] -| Bean with name 'dataSource' has been autodetected for JMX exposure
2018-04-26 18:07:17.644 |-INFO  [restartedMain] org.springframework.jmx.export.annotation.AnnotationMBeanExporter [671] -| Located MBean 'dataSource': registering with JMX server as MBean [com.alibaba.druid.pool:name=dataSource,type=DruidDataSource]
2018-04-26 18:07:17.731 |-INFO  [restartedMain] org.springframework.boot.context.embedded.tomcat.TomcatEmbeddedServletContainer [201] -| Tomcat started on port(s): 8089 (http)
2018-04-26 18:07:17.737 |-INFO  [restartedMain] com.yf.GirlWebApplication [57] -| Started GirlWebApplication in 6.822 seconds (JVM running for 7.333)
2018-04-26 18:07:22.663 |-INFO  [http-nio-8089-exec-2] org.apache.catalina.core.ContainerBase.[Tomcat].[localhost].[/] [179] -| Initializing Spring FrameworkServlet 'dispatcherServlet'
2018-04-26 18:07:22.664 |-INFO  [http-nio-8089-exec-2] org.springframework.web.servlet.DispatcherServlet [489] -| FrameworkServlet 'dispatcherServlet': initialization started
2018-04-26 18:07:22.701 |-INFO  [http-nio-8089-exec-2] org.springframework.web.servlet.DispatcherServlet [508] -| FrameworkServlet 'dispatcherServlet': initialization completed in 36 ms
2018-04-26 18:07:22.748 |-INFO  [http-nio-8089-exec-2] com.yf.web.controller.IndexController [45] -| 
2018-04-26 18:07:22.750 |-INFO  [http-nio-8089-exec-2] com.yf.web.controller.IndexController [45] -| start
2018-04-26 18:07:22.750 |-INFO  [http-nio-8089-exec-2] com.yf.web.controller.IndexController [45] -| 首页
2018-04-26 18:08:47.227 |-INFO  [Thread-6] org.springframework.boot.context.embedded.AnnotationConfigEmbeddedWebApplicationContext [984] -| Closing org.springframework.boot.context.embedded.AnnotationConfigEmbeddedWebApplicationContext@3ba255d9: startup date [Thu Apr 26 18:07:12 CST 2018]; root of context hierarchy
2018-04-26 18:08:47.230 |-INFO  [Thread-6] org.springframework.jmx.export.annotation.AnnotationMBeanExporter [449] -| Unregistering JMX-exposed beans on shutdown
2018-04-26 18:08:47.232 |-INFO  [Thread-6] org.springframework.jmx.export.annotation.AnnotationMBeanExporter [241] -| Unregistering JMX-exposed beans
2018-04-26 18:08:47.243 |-INFO  [Thread-6] org.springframework.scheduling.concurrent.ThreadPoolTaskExecutor [202] -| Shutting down ExecutorService
